[debug] [2023-03-26T06:47:02.089Z] ----------------------------------------------------------------------
[debug] [2023-03-26T06:47:02.091Z] Command:       C:\Program Files\nodejs\node.exe C:\Users\FooJacky\AppData\Roaming\npm\node_modules\firebase-tools\lib\bin\firebase.js init
[debug] [2023-03-26T06:47:02.092Z] CLI Version:   11.20.0
[debug] [2023-03-26T06:47:02.093Z] Platform:      win32
[debug] [2023-03-26T06:47:02.093Z] Node Version:  v16.14.2
[debug] [2023-03-26T06:47:02.094Z] Time:          Sun Mar 26 2023 14:47:02 GMT+0800 (Malaysia Time)
[debug] [2023-03-26T06:47:02.094Z] ----------------------------------------------------------------------
[debug] 
[debug] [2023-03-26T06:47:02.148Z] > command requires scopes: ["email","openid","https://www.googleapis.com/auth/cloudplatformprojects.readonly","https://www.googleapis.com/auth/firebase","https://www.googleapis.com/auth/cloud-platform"]
[debug] [2023-03-26T06:47:02.149Z] > authorizing via signed-in user (foojacky8@gmail.com)
[info] 
     ######## #### ########  ######## ########     ###     ######  ########
     ##        ##  ##     ## ##       ##     ##  ##   ##  ##       ##
     ######    ##  ########  ######   ########  #########  ######  ######
     ##        ##  ##    ##  ##       ##     ## ##     ##       ## ##
     ##       #### ##     ## ######## ########  ##     ##  ######  ########

You're about to initialize a Firebase project in this directory:

  E:\gdsc\backend

[info] 
=== Project Setup
[info] 
[info] First, let's associate this project directory with a Firebase project.
[info] You can create multiple project aliases by running firebase use --add, 
[info] but for now we'll just set up a default project.
[info] 
[debug] [2023-03-26T06:47:39.522Z] > refreshing access token with scopes: []
[debug] [2023-03-26T06:47:39.525Z] >>> [apiv2][query] POST https://www.googleapis.com/oauth2/v3/token [none]
[debug] [2023-03-26T06:47:39.525Z] >>> [apiv2][body] POST https://www.googleapis.com/oauth2/v3/token [omitted]
[debug] [2023-03-26T06:47:39.665Z] <<< [apiv2][status] POST https://www.googleapis.com/oauth2/v3/token 200
[debug] [2023-03-26T06:47:39.665Z] <<< [apiv2][body] POST https://www.googleapis.com/oauth2/v3/token [omitted]
[debug] [2023-03-26T06:47:39.677Z] >>> [apiv2][query] GET https://firebase.googleapis.com/v1beta1/projects pageSize=100
[debug] [2023-03-26T06:47:40.500Z] <<< [apiv2][status] GET https://firebase.googleapis.com/v1beta1/projects 200
[debug] [2023-03-26T06:47:40.500Z] <<< [apiv2][body] GET https://firebase.googleapis.com/v1beta1/projects [omitted]
[info] i  Using project gdsc-4b58d (gdsc) 
[info] 
=== Hosting Setup
[info] 
[info] Your public directory is the folder (relative to your project directory) that
[info] will contain Hosting assets to be uploaded with firebase deploy. If you
[info] have a build process for your assets, use your build's output directory.
[info] 
